c:\users\steven_dev\desktop\cs_stuff\stringtokenizer\stringtokenizer\x64\debug\vc142.pdb
c:\users\steven_dev\desktop\cs_stuff\stringtokenizer\stringtokenizer\x64\debug\vc142.idb
c:\users\steven_dev\desktop\cs_stuff\stringtokenizer\stringtokenizer\x64\debug\stokenizer.obj
c:\users\steven_dev\desktop\cs_stuff\stringtokenizer\stringtokenizer\x64\debug\token.obj
c:\users\steven_dev\desktop\cs_stuff\stringtokenizer\stringtokenizer\x64\debug\stringtokenizer.obj
c:\users\steven_dev\desktop\cs_stuff\stringtokenizer\stringtokenizer\x64\debug\stringtokenizer.pdb
c:\users\steven_dev\desktop\cs_stuff\stringtokenizer\stringtokenizer\x64\debug\stringtokenizer.tlog\cl.command.1.tlog
c:\users\steven_dev\desktop\cs_stuff\stringtokenizer\stringtokenizer\x64\debug\stringtokenizer.tlog\cl.read.1.tlog
c:\users\steven_dev\desktop\cs_stuff\stringtokenizer\stringtokenizer\x64\debug\stringtokenizer.tlog\cl.write.1.tlog
c:\users\steven_dev\desktop\cs_stuff\stringtokenizer\stringtokenizer\x64\debug\stringtokenizer.tlog\link-cvtres.read.1.tlog
c:\users\steven_dev\desktop\cs_stuff\stringtokenizer\stringtokenizer\x64\debug\stringtokenizer.tlog\link-cvtres.write.1.tlog
c:\users\steven_dev\desktop\cs_stuff\stringtokenizer\stringtokenizer\x64\debug\stringtokenizer.tlog\link-rc.read.1.tlog
c:\users\steven_dev\desktop\cs_stuff\stringtokenizer\stringtokenizer\x64\debug\stringtokenizer.tlog\link-rc.write.1.tlog
c:\users\steven_dev\desktop\cs_stuff\stringtokenizer\stringtokenizer\x64\debug\stringtokenizer.tlog\link.22568-cvtres.read.1.tlog
c:\users\steven_dev\desktop\cs_stuff\stringtokenizer\stringtokenizer\x64\debug\stringtokenizer.tlog\link.22568-cvtres.write.1.tlog
c:\users\steven_dev\desktop\cs_stuff\stringtokenizer\stringtokenizer\x64\debug\stringtokenizer.tlog\link.22568-rc.read.1.tlog
c:\users\steven_dev\desktop\cs_stuff\stringtokenizer\stringtokenizer\x64\debug\stringtokenizer.tlog\link.22568-rc.write.1.tlog
c:\users\steven_dev\desktop\cs_stuff\stringtokenizer\stringtokenizer\x64\debug\stringtokenizer.tlog\link.22568.read.1.tlog
c:\users\steven_dev\desktop\cs_stuff\stringtokenizer\stringtokenizer\x64\debug\stringtokenizer.tlog\link.22568.write.1.tlog
c:\users\steven_dev\desktop\cs_stuff\stringtokenizer\stringtokenizer\x64\debug\stringtokenizer.tlog\link.command.1.tlog
c:\users\steven_dev\desktop\cs_stuff\stringtokenizer\stringtokenizer\x64\debug\stringtokenizer.tlog\link.read.1.tlog
c:\users\steven_dev\desktop\cs_stuff\stringtokenizer\stringtokenizer\x64\debug\stringtokenizer.tlog\link.write.1.tlog
